# JRE version: OpenJDK Runtime Environment (17.0.9) (build 17.0.9+0--11185874)
# Java VM: OpenJDK 64-Bit Server VM (17.0.9+0--11185874, mixed mode, tiered, compressed oops, compressed class ptrs, g1 gc, windows-amd64)
GC Precious Log:
 CPUs: 8 total, 8 available
 Memory: 16065M
 Large Page Support: Disabled
 NUMA Support: Disabled
 Compressed Oops: Enabled (32-bit)
 Heap Region Size: 1M
 Heap Min Capacity: 8M
 Heap Initial Capacity: 252M
 Heap Max Capacity: 1536M
 Pre-touch: Disabled
 Parallel Workers: 8
 Concurrent Workers: 2
 Concurrent Refinement Workers: 8
 Periodic GC: Disabled
Heap:
 garbage-first heap   total 259072K, used 174818K [0x00000000a0000000, 0x0000000100000000)
  region size 1024K, 3 young (3072K), 3 survivors (3072K)
 Metaspace       used 154782K, committed 155584K, reserved 1245184K
  class space    used 19753K, committed 20160K, reserved 1048576K
GC Heap History (20 events):
Event: 32.242 GC heap after
{Heap after GC invocations=79 (full 0):
 garbage-first heap   total 240640K, used 121716K [0x00000000a0000000, 0x0000000100000000)
  region size 1024K, 12 young (12288K), 12 survivors (12288K)
 Metaspace       used 137054K, committed 137728K, reserved 1179648K
  class space    used 17381K, committed 17664K, reserved 1048576K
}
Event: 32.495 GC heap before
{Heap before GC invocations=79 (full 0):
 garbage-first heap   total 240640K, used 209780K [0x00000000a0000000, 0x0000000100000000)
  region size 1024K, 88 young (90112K), 12 survivors (12288K)
 Metaspace       used 137155K, committed 137856K, reserved 1179648K
  class space    used 17381K, committed 17664K, reserved 1048576K
}
Event: 32.507 GC heap after
{Heap after GC invocations=80 (full 0):
 garbage-first heap   total 240640K, used 141195K [0x00000000a0000000, 0x0000000100000000)
  region size 1024K, 11 young (11264K), 11 survivors (11264K)
 Metaspace       used 137155K, committed 137856K, reserved 1179648K
  class space    used 17381K, committed 17664K, reserved 1048576K
}
Event: 32.985 GC heap before
{Heap before GC invocations=80 (full 0):
 garbage-first heap   total 240640K, used 198539K [0x00000000a0000000, 0x0000000100000000)
  region size 1024K, 64 young (65536K), 11 survivors (11264K)
 Metaspace       used 138207K, committed 138880K, reserved 1179648K
  class space    used 17507K, committed 17792K, reserved 1048576K
}
Event: 33.001 GC heap after
{Heap after GC invocations=81 (full 0):
 garbage-first heap   total 240640K, used 153890K [0x00000000a0000000, 0x0000000100000000)
  region size 1024K, 8 young (8192K), 8 survivors (8192K)
 Metaspace       used 138207K, committed 138880K, reserved 1179648K
  class space    used 17507K, committed 17792K, reserved 1048576K
}
Event: 33.344 GC heap before
{Heap before GC invocations=81 (full 0):
 garbage-first heap   total 240640K, used 197922K [0x00000000a0000000, 0x0000000100000000)
  region size 1024K, 50 young (51200K), 8 survivors (8192K)
 Metaspace       used 141612K, committed 142336K, reserved 1179648K
  class space    used 17945K, committed 18240K, reserved 1048576K
}
Event: 33.357 GC heap after
{Heap after GC invocations=82 (full 0):
 garbage-first heap   total 240640K, used 158391K [0x00000000a0000000, 0x0000000100000000)
  region size 1024K, 3 young (3072K), 3 survivors (3072K)
 Metaspace       used 141612K, committed 142336K, reserved 1179648K
  class space    used 17945K, committed 18240K, reserved 1048576K
}
Event: 33.867 GC heap before
{Heap before GC invocations=82 (full 0):
 garbage-first heap   total 240640K, used 199351K [0x00000000a0000000, 0x0000000100000000)
  region size 1024K, 43 young (44032K), 3 survivors (3072K)
 Metaspace       used 145493K, committed 146240K, reserved 1179648K
  class space    used 18470K, committed 18816K, reserved 1048576K
}
Event: 33.869 GC heap after
{Heap after GC invocations=83 (full 0):
 garbage-first heap   total 240640K, used 159769K [0x00000000a0000000, 0x0000000100000000)
  region size 1024K, 4 young (4096K), 4 survivors (4096K)
 Metaspace       used 145493K, committed 146240K, reserved 1179648K
  class space    used 18470K, committed 18816K, reserved 1048576K
}
Event: 34.156 GC heap before
{Heap before GC invocations=83 (full 0):
 garbage-first heap   total 240640K, used 207897K [0x00000000a0000000, 0x0000000100000000)
  region size 1024K, 45 young (46080K), 4 survivors (4096K)
 Metaspace       used 147499K, committed 148288K, reserved 1179648K
  class space    used 18754K, committed 19072K, reserved 1048576K
}
Event: 34.159 GC heap after
{Heap after GC invocations=84 (full 0):
 garbage-first heap   total 240640K, used 163874K [0x00000000a0000000, 0x0000000100000000)
  region size 1024K, 6 young (6144K), 6 survivors (6144K)
 Metaspace       used 147499K, committed 148288K, reserved 1179648K
  class space    used 18754K, committed 19072K, reserved 1048576K
}
Event: 34.583 GC heap before
{Heap before GC invocations=84 (full 0):
 garbage-first heap   total 240640K, used 201762K [0x00000000a0000000, 0x0000000100000000)
  region size 1024K, 43 young (44032K), 6 survivors (6144K)
 Metaspace       used 150921K, committed 151744K, reserved 1245184K
  class space    used 19219K, committed 19584K, reserved 1048576K
}
Event: 34.590 GC heap after
{Heap after GC invocations=85 (full 0):
 garbage-first heap   total 240640K, used 165513K [0x00000000a0000000, 0x0000000100000000)
  region size 1024K, 2 young (2048K), 2 survivors (2048K)
 Metaspace       used 150921K, committed 151744K, reserved 1245184K
  class space    used 19219K, committed 19584K, reserved 1048576K
}
Event: 34.928 GC heap before
{Heap before GC invocations=85 (full 0):
 garbage-first heap   total 240640K, used 206473K [0x00000000a0000000, 0x0000000100000000)
  region size 1024K, 39 young (39936K), 2 survivors (2048K)
 Metaspace       used 153565K, committed 154368K, reserved 1245184K
  class space    used 19595K, committed 19968K, reserved 1048576K
}
Event: 34.932 GC heap after
{Heap after GC invocations=86 (full 0):
 garbage-first heap   total 240640K, used 171958K [0x00000000a0000000, 0x0000000100000000)
  region size 1024K, 5 young (5120K), 5 survivors (5120K)
 Metaspace       used 153565K, committed 154368K, reserved 1245184K
  class space    used 19595K, committed 19968K, reserved 1048576K
}
Event: 35.174 GC heap before
{Heap before GC invocations=86 (full 0):
 garbage-first heap   total 240640K, used 204726K [0x00000000a0000000, 0x0000000100000000)
  region size 1024K, 37 young (37888K), 5 survivors (5120K)
 Metaspace       used 154782K, committed 155584K, reserved 1245184K
  class space    used 19753K, committed 20160K, reserved 1048576K
}
Event: 35.179 GC heap after
{Heap after GC invocations=87 (full 0):
 garbage-first heap   total 240640K, used 173821K [0x00000000a0000000, 0x0000000100000000)
  region size 1024K, 5 young (5120K), 5 survivors (5120K)
 Metaspace       used 154782K, committed 155584K, reserved 1245184K
  class space    used 19753K, committed 20160K, reserved 1048576K
}
Event: 35.219 GC heap before
{Heap before GC invocations=87 (full 0):
 garbage-first heap   total 240640K, used 205565K [0x00000000a0000000, 0x0000000100000000)
  region size 1024K, 36 young (36864K), 5 survivors (5120K)
 Metaspace       used 154782K, committed 155584K, reserved 1245184K
  class space    used 19753K, committed 20160K, reserved 1048576K
}
Event: 35.230 GC heap after
{Heap after GC invocations=88 (full 0):
 garbage-first heap   total 240640K, used 174528K [0x00000000a0000000, 0x0000000100000000)
  region size 1024K, 3 young (3072K), 3 survivors (3072K)
 Metaspace       used 154782K, committed 155584K, reserved 1245184K
  class space    used 19753K, committed 20160K, reserved 1048576K
}
Event: 35.270 GC heap before
{Heap before GC invocations=88 (full 0):
 garbage-first heap   total 240640K, used 207296K [0x00000000a0000000, 0x0000000100000000)
  region size 1024K, 35 young (35840K), 3 survivors (3072K)
 Metaspace       used 154782K, committed 155584K, reserved 1245184K
  class space    used 19753K, committed 20160K, reserved 1048576K
}

