# JRE version: OpenJDK Runtime Environment (17.0.9) (build 17.0.9+0--11185874)
# Java VM: OpenJDK 64-Bit Server VM (17.0.9+0--11185874, mixed mode, tiered, compressed oops, compressed class ptrs, g1 gc, windows-amd64)
GC Precious Log:
 CPUs: 8 total, 8 available
 Memory: 16065M
 Large Page Support: Disabled
 NUMA Support: Disabled
 Compressed Oops: Enabled (32-bit)
 Heap Region Size: 1M
 Heap Min Capacity: 8M
 Heap Initial Capacity: 252M
 Heap Max Capacity: 1536M
 Pre-touch: Disabled
 Parallel Workers: 8
 Concurrent Workers: 2
 Concurrent Refinement Workers: 8
 Periodic GC: Disabled
Heap:
 garbage-first heap   total 71680K, used 43546K [0x00000000a0000000, 0x0000000100000000)
  region size 1024K, 5 young (5120K), 1 survivors (1024K)
 Metaspace       used 35225K, committed 35520K, reserved 1114112K
  class space    used 4860K, committed 4992K, reserved 1048576K
GC Heap History (14 events):
Event: 0.850 GC heap before
{Heap before GC invocations=0 (full 0):
 garbage-first heap   total 258048K, used 26624K [0x00000000a0000000, 0x0000000100000000)
  region size 1024K, 23 young (23552K), 0 survivors (0K)
 Metaspace       used 9865K, committed 10048K, reserved 1114112K
  class space    used 973K, committed 1088K, reserved 1048576K
}
Event: 0.855 GC heap after
{Heap after GC invocations=1 (full 0):
 garbage-first heap   total 258048K, used 10404K [0x00000000a0000000, 0x0000000100000000)
  region size 1024K, 3 young (3072K), 3 survivors (3072K)
 Metaspace       used 9865K, committed 10048K, reserved 1114112K
  class space    used 973K, committed 1088K, reserved 1048576K
}
Event: 1.529 GC heap before
{Heap before GC invocations=1 (full 0):
 garbage-first heap   total 258048K, used 39076K [0x00000000a0000000, 0x0000000100000000)
  region size 1024K, 31 young (31744K), 3 survivors (3072K)
 Metaspace       used 11489K, committed 11648K, reserved 1114112K
  class space    used 1199K, committed 1280K, reserved 1048576K
}
Event: 1.534 GC heap after
{Heap after GC invocations=2 (full 0):
 garbage-first heap   total 258048K, used 11822K [0x00000000a0000000, 0x0000000100000000)
  region size 1024K, 1 young (1024K), 1 survivors (1024K)
 Metaspace       used 11489K, committed 11648K, reserved 1114112K
  class space    used 1199K, committed 1280K, reserved 1048576K
}
Event: 3.199 GC heap before
{Heap before GC invocations=2 (full 0):
 garbage-first heap   total 258048K, used 70190K [0x00000000a0000000, 0x0000000100000000)
  region size 1024K, 59 young (60416K), 1 survivors (1024K)
 Metaspace       used 21324K, committed 21504K, reserved 1114112K
  class space    used 2524K, committed 2624K, reserved 1048576K
}
Event: 3.204 GC heap after
{Heap after GC invocations=3 (full 0):
 garbage-first heap   total 258048K, used 19498K [0x00000000a0000000, 0x0000000100000000)
  region size 1024K, 9 young (9216K), 9 survivors (9216K)
 Metaspace       used 21324K, committed 21504K, reserved 1114112K
  class space    used 2524K, committed 2624K, reserved 1048576K
}
Event: 3.809 GC heap before
{Heap before GC invocations=4 (full 0):
 garbage-first heap   total 71680K, used 53290K [0x00000000a0000000, 0x0000000100000000)
  region size 1024K, 42 young (43008K), 9 survivors (9216K)
 Metaspace       used 26331K, committed 26624K, reserved 1114112K
  class space    used 3366K, committed 3520K, reserved 1048576K
}
Event: 3.815 GC heap after
{Heap after GC invocations=5 (full 0):
 garbage-first heap   total 71680K, used 21296K [0x00000000a0000000, 0x0000000100000000)
  region size 1024K, 2 young (2048K), 2 survivors (2048K)
 Metaspace       used 26331K, committed 26624K, reserved 1114112K
  class space    used 3366K, committed 3520K, reserved 1048576K
}
Event: 4.508 GC heap before
{Heap before GC invocations=5 (full 0):
 garbage-first heap   total 71680K, used 49968K [0x00000000a0000000, 0x0000000100000000)
  region size 1024K, 31 young (31744K), 2 survivors (2048K)
 Metaspace       used 30236K, committed 30528K, reserved 1114112K
  class space    used 4036K, committed 4160K, reserved 1048576K
}
Event: 4.511 GC heap after
{Heap after GC invocations=6 (full 0):
 garbage-first heap   total 71680K, used 22916K [0x00000000a0000000, 0x0000000100000000)
  region size 1024K, 4 young (4096K), 4 survivors (4096K)
 Metaspace       used 30236K, committed 30528K, reserved 1114112K
  class space    used 4036K, committed 4160K, reserved 1048576K
}
Event: 5.083 GC heap before
{Heap before GC invocations=6 (full 0):
 garbage-first heap   total 71680K, used 58756K [0x00000000a0000000, 0x0000000100000000)
  region size 1024K, 30 young (30720K), 4 survivors (4096K)
 Metaspace       used 33038K, committed 33408K, reserved 1114112K
  class space    used 4487K, committed 4672K, reserved 1048576K
}
Event: 5.089 GC heap after
{Heap after GC invocations=7 (full 0):
 garbage-first heap   total 71680K, used 39966K [0x00000000a0000000, 0x0000000100000000)
  region size 1024K, 5 young (5120K), 5 survivors (5120K)
 Metaspace       used 33038K, committed 33408K, reserved 1114112K
  class space    used 4487K, committed 4672K, reserved 1048576K
}
Event: 5.474 GC heap before
{Heap before GC invocations=7 (full 0):
 garbage-first heap   total 71680K, used 54302K [0x00000000a0000000, 0x0000000100000000)
  region size 1024K, 20 young (20480K), 5 survivors (5120K)
 Metaspace       used 34926K, committed 35328K, reserved 1114112K
  class space    used 4800K, committed 4992K, reserved 1048576K
}
Event: 5.477 GC heap after
{Heap after GC invocations=8 (full 0):
 garbage-first heap   total 71680K, used 40474K [0x00000000a0000000, 0x0000000100000000)
  region size 1024K, 1 young (1024K), 1 survivors (1024K)
 Metaspace       used 34926K, committed 35328K, reserved 1114112K
  class space    used 4800K, committed 4992K, reserved 1048576K
}

