# JRE version: OpenJDK Runtime Environment (17.0.9) (build 17.0.9+0--11185874)
# Java VM: OpenJDK 64-Bit Server VM (17.0.9+0--11185874, mixed mode, tiered, compressed oops, compressed class ptrs, g1 gc, windows-amd64)
GC Precious Log:
 CPUs: 8 total, 8 available
 Memory: 16065M
 Large Page Support: Disabled
 NUMA Support: Disabled
 Compressed Oops: Enabled (32-bit)
 Heap Region Size: 1M
 Heap Min Capacity: 8M
 Heap Initial Capacity: 252M
 Heap Max Capacity: 2G
 Pre-touch: Disabled
 Parallel Workers: 8
 Concurrent Workers: 2
 Concurrent Refinement Workers: 8
 Periodic GC: Disabled
Heap:
 garbage-first heap   total 389120K, used 214833K [0x0000000080000000, 0x0000000100000000)
  region size 1024K, 11 young (11264K), 11 survivors (11264K)
 Metaspace       used 185080K, committed 186624K, reserved 1245184K
  class space    used 24797K, committed 25536K, reserved 1048576K
GC Heap History (20 events):
Event: 12768.240 GC heap after
{Heap after GC invocations=114 (full 1):
 garbage-first heap   total 389120K, used 169945K [0x0000000080000000, 0x0000000100000000)
  region size 1024K, 2 young (2048K), 2 survivors (2048K)
 Metaspace       used 177797K, committed 179264K, reserved 1245184K
  class space    used 23974K, committed 24640K, reserved 1048576K
}
Event: 12769.566 GC heap before
{Heap before GC invocations=114 (full 1):
 garbage-first heap   total 389120K, used 310233K [0x0000000080000000, 0x0000000100000000)
  region size 1024K, 140 young (143360K), 2 survivors (2048K)
 Metaspace       used 177797K, committed 179264K, reserved 1245184K
  class space    used 23974K, committed 24640K, reserved 1048576K
}
Event: 12769.582 GC heap after
{Heap after GC invocations=115 (full 1):
 garbage-first heap   total 389120K, used 189992K [0x0000000080000000, 0x0000000100000000)
  region size 1024K, 18 young (18432K), 18 survivors (18432K)
 Metaspace       used 177797K, committed 179264K, reserved 1245184K
  class space    used 23974K, committed 24640K, reserved 1048576K
}
Event: 12770.672 GC heap before
{Heap before GC invocations=116 (full 1):
 garbage-first heap   total 389120K, used 306728K [0x0000000080000000, 0x0000000100000000)
  region size 1024K, 136 young (139264K), 18 survivors (18432K)
 Metaspace       used 177797K, committed 179264K, reserved 1245184K
  class space    used 23974K, committed 24640K, reserved 1048576K
}
Event: 12770.685 GC heap after
{Heap after GC invocations=117 (full 1):
 garbage-first heap   total 389120K, used 189880K [0x0000000080000000, 0x0000000100000000)
  region size 1024K, 6 young (6144K), 6 survivors (6144K)
 Metaspace       used 177797K, committed 179264K, reserved 1245184K
  class space    used 23974K, committed 24640K, reserved 1048576K
}
Event: 12770.772 GC heap before
{Heap before GC invocations=117 (full 1):
 garbage-first heap   total 389120K, used 203192K [0x0000000080000000, 0x0000000100000000)
  region size 1024K, 19 young (19456K), 6 survivors (6144K)
 Metaspace       used 177797K, committed 179264K, reserved 1245184K
  class space    used 23974K, committed 24640K, reserved 1048576K
}
Event: 12770.778 GC heap after
{Heap after GC invocations=118 (full 1):
 garbage-first heap   total 389120K, used 188325K [0x0000000080000000, 0x0000000100000000)
  region size 1024K, 3 young (3072K), 3 survivors (3072K)
 Metaspace       used 177797K, committed 179264K, reserved 1245184K
  class space    used 23974K, committed 24640K, reserved 1048576K
}
Event: 12772.157 GC heap before
{Heap before GC invocations=118 (full 1):
 garbage-first heap   total 389120K, used 314277K [0x0000000080000000, 0x0000000100000000)
  region size 1024K, 126 young (129024K), 3 survivors (3072K)
 Metaspace       used 177797K, committed 179264K, reserved 1245184K
  class space    used 23974K, committed 24640K, reserved 1048576K
}
Event: 12772.161 GC heap after
{Heap after GC invocations=119 (full 1):
 garbage-first heap   total 389120K, used 190373K [0x0000000080000000, 0x0000000100000000)
  region size 1024K, 5 young (5120K), 5 survivors (5120K)
 Metaspace       used 177797K, committed 179264K, reserved 1245184K
  class space    used 23974K, committed 24640K, reserved 1048576K
}
Event: 12773.608 GC heap before
{Heap before GC invocations=120 (full 1):
 garbage-first heap   total 389120K, used 317349K [0x0000000080000000, 0x0000000100000000)
  region size 1024K, 129 young (132096K), 5 survivors (5120K)
 Metaspace       used 177797K, committed 179264K, reserved 1245184K
  class space    used 23974K, committed 24640K, reserved 1048576K
}
Event: 12773.615 GC heap after
{Heap after GC invocations=121 (full 1):
 garbage-first heap   total 389120K, used 192758K [0x0000000080000000, 0x0000000100000000)
  region size 1024K, 8 young (8192K), 8 survivors (8192K)
 Metaspace       used 177797K, committed 179264K, reserved 1245184K
  class space    used 23974K, committed 24640K, reserved 1048576K
}
Event: 12773.715 GC heap before
{Heap before GC invocations=121 (full 1):
 garbage-first heap   total 389120K, used 204022K [0x0000000080000000, 0x0000000100000000)
  region size 1024K, 19 young (19456K), 8 survivors (8192K)
 Metaspace       used 177797K, committed 179264K, reserved 1245184K
  class space    used 23974K, committed 24640K, reserved 1048576K
}
Event: 12773.724 GC heap after
{Heap after GC invocations=122 (full 1):
 garbage-first heap   total 389120K, used 191820K [0x0000000080000000, 0x0000000100000000)
  region size 1024K, 3 young (3072K), 3 survivors (3072K)
 Metaspace       used 177797K, committed 179264K, reserved 1245184K
  class space    used 23974K, committed 24640K, reserved 1048576K
}
Event: 12774.690 GC heap before
{Heap before GC invocations=122 (full 1):
 garbage-first heap   total 389120K, used 320844K [0x0000000080000000, 0x0000000100000000)
  region size 1024K, 129 young (132096K), 3 survivors (3072K)
 Metaspace       used 177797K, committed 179264K, reserved 1245184K
  class space    used 23974K, committed 24640K, reserved 1048576K
}
Event: 12774.694 GC heap after
{Heap after GC invocations=123 (full 1):
 garbage-first heap   total 389120K, used 194215K [0x0000000080000000, 0x0000000100000000)
  region size 1024K, 6 young (6144K), 6 survivors (6144K)
 Metaspace       used 177797K, committed 179264K, reserved 1245184K
  class space    used 23974K, committed 24640K, reserved 1048576K
}
Event: 12776.619 GC heap before
{Heap before GC invocations=124 (full 1):
 garbage-first heap   total 389120K, used 341671K [0x0000000080000000, 0x0000000100000000)
  region size 1024K, 131 young (134144K), 6 survivors (6144K)
 Metaspace       used 180727K, committed 182144K, reserved 1245184K
  class space    used 24274K, committed 24896K, reserved 1048576K
}
Event: 12776.635 GC heap after
{Heap after GC invocations=125 (full 1):
 garbage-first heap   total 389120K, used 204795K [0x0000000080000000, 0x0000000100000000)
  region size 1024K, 16 young (16384K), 16 survivors (16384K)
 Metaspace       used 180727K, committed 182144K, reserved 1245184K
  class space    used 24274K, committed 24896K, reserved 1048576K
}
Event: 12776.715 GC heap before
{Heap before GC invocations=125 (full 1):
 garbage-first heap   total 389120K, used 207867K [0x0000000080000000, 0x0000000100000000)
  region size 1024K, 19 young (19456K), 16 survivors (16384K)
 Metaspace       used 180939K, committed 182400K, reserved 1245184K
  class space    used 24298K, committed 24960K, reserved 1048576K
}
Event: 12776.735 GC heap after
{Heap after GC invocations=126 (full 1):
 garbage-first heap   total 389120K, used 205617K [0x0000000080000000, 0x0000000100000000)
  region size 1024K, 2 young (2048K), 2 survivors (2048K)
 Metaspace       used 180939K, committed 182400K, reserved 1245184K
  class space    used 24298K, committed 24960K, reserved 1048576K
}
Event: 12779.183 GC heap before
{Heap before GC invocations=126 (full 1):
 garbage-first heap   total 389120K, used 320305K [0x0000000080000000, 0x0000000100000000)
  region size 1024K, 114 young (116736K), 2 survivors (2048K)
 Metaspace       used 185080K, committed 186624K, reserved 1245184K
  class space    used 24797K, committed 25536K, reserved 1048576K
}

